1 2 3 4 5 6 7 8 9 10 11 12 13 14 15 16 17 18 19 20 21 22 23 24 25 26 27 28 29 30 31 32 33 34 35 36 37 38 39 40 41 42 43 44 45 46 91 90 89 88 87 86 85 84 83 82 81 80 79 78 77 76 75 74 73 72 71 70 69 68 67 66 65 64 63 62 61 60 59 58 57 56 55 54 53 52 51 50 49 48 47 92 93 94 95 96 97 98 99 100 
1 2 3 4 5 6 7 8 9 10 15 14 13 12 11 16 17 18 19 20 21 22 23 24 25 26 27 28 29 30 31 32 33 34 35 36 37 38 39 40 41 42 43 44 45 46 91 90 89 88 87 86 85 84 83 82 81 80 79 78 77 76 75 74 73 72 71 70 69 68 67 66 65 64 63 62 61 60 59 58 57 56 55 54 53 52 51 50 49 48 47 92 93 94 95 96 97 98 99 100 
1 2 3 4 5 6 7 8 9 10 15 14 13 12 11 16 17 18 19 20 21 22 23 24 25 26 27 28 29 30 31 32 33 34 35 36 37 38 39 40 41 42 43 44 81 82 83 84 85 86 87 88 89 90 91 46 45 80 79 78 77 76 75 74 73 72 71 70 69 68 67 66 65 64 63 62 61 60 59 58 57 56 55 54 53 52 51 50 49 48 47 92 93 94 95 96 97 98 99 100 
1 2 3 4 5 6 7 8 9 10 15 14 13 12 11 16 17 18 19 20 21 22 23 24 25 26 27 28 29 30 31 32 33 34 70 71 72 73 74 75 76 77 78 79 80 45 46 91 90 89 88 87 86 85 84 83 82 81 44 43 42 41 40 39 38 37 36 35 69 68 67 66 65 64 63 62 61 60 59 58 57 56 55 54 53 52 51 50 49 48 47 92 93 94 95 96 97 98 99 100 
1 2 3 4 5 6 7 8 9 10 15 14 13 12 11 16 17 18 19 48 49 50 51 52 53 54 55 56 57 58 59 60 61 62 63 64 65 66 67 68 69 35 36 37 38 39 40 41 42 43 44 81 82 83 84 85 86 87 88 89 90 91 46 45 80 79 78 77 76 75 74 73 72 71 70 34 33 32 31 30 29 28 27 26 25 24 23 22 21 20 47 92 93 94 95 96 97 98 99 100 
1 51 50 49 48 19 18 17 16 11 12 13 14 15 10 9 8 7 6 5 4 3 2 52 53 54 55 56 57 58 59 60 61 62 63 64 65 66 67 68 69 35 36 37 38 39 40 41 42 43 44 81 82 83 84 85 86 87 88 89 90 91 46 45 80 79 78 77 76 75 74 73 72 71 70 34 33 32 31 30 29 28 27 26 25 24 23 22 21 20 47 92 93 94 95 96 97 98 99 100 
1 51 50 49 48 19 18 17 16 11 12 13 14 15 10 9 8 7 6 5 4 3 2 52 53 54 55 56 57 58 59 60 61 62 63 64 65 66 67 68 69 35 36 37 27 28 29 30 31 32 33 34 70 71 72 73 74 75 76 77 78 79 80 45 46 91 90 89 88 87 86 85 84 83 82 81 44 43 42 41 40 39 38 26 25 24 23 22 21 20 47 92 93 94 95 96 97 98 99 100 
1 51 50 49 48 19 18 17 16 11 12 81 82 83 84 85 86 87 88 89 90 91 46 45 80 79 78 77 76 75 74 73 72 71 70 34 33 32 31 30 29 28 27 37 36 35 69 68 67 66 65 64 63 62 61 60 59 58 57 56 55 54 53 52 2 3 4 5 6 7 8 9 10 15 14 13 44 43 42 41 40 39 38 26 25 24 23 22 21 20 47 92 93 94 95 96 97 98 99 100 
1 51 50 49 48 19 18 17 16 11 12 81 82 83 84 85 86 87 88 89 90 91 46 45 80 79 78 77 76 75 74 73 72 71 70 34 33 32 31 30 29 28 27 37 36 35 69 68 67 66 65 64 63 62 59 60 61 58 57 56 55 54 53 52 2 3 4 5 6 7 8 9 10 15 14 13 44 43 42 41 40 39 38 26 25 24 23 22 21 20 47 92 93 94 95 96 97 98 99 100 
1 51 50 49 48 19 18 17 16 11 12 81 82 83 84 85 86 87 88 89 90 91 46 45 80 79 78 77 76 75 74 73 72 71 70 34 33 32 31 30 29 28 27 37 36 35 69 68 67 66 65 64 63 62 59 60 61 58 57 56 55 54 53 52 2 3 4 5 14 15 10 9 8 7 6 13 44 43 42 41 40 39 38 26 25 24 23 22 21 20 47 92 93 94 95 96 97 98 99 100 
1 51 50 49 48 19 18 17 16 11 12 81 82 83 84 85 90 89 88 87 86 91 46 45 80 79 78 77 76 75 74 73 72 71 70 34 33 32 31 30 29 28 27 37 36 35 69 68 67 66 65 64 63 62 59 60 61 58 57 56 55 54 53 52 2 3 4 5 14 15 10 9 8 7 6 13 44 43 42 41 40 39 38 26 25 24 23 22 21 20 47 92 93 94 95 96 97 98 99 100 
48 49 50 51 1 19 18 17 16 11 12 81 82 83 84 85 90 89 88 87 86 91 46 45 80 79 78 77 76 75 74 73 72 71 70 34 33 32 31 30 29 28 27 37 36 35 69 68 67 66 65 64 63 62 59 60 61 58 57 56 55 54 53 52 2 3 4 5 14 15 10 9 8 7 6 13 44 43 42 41 40 39 38 26 25 24 23 22 21 20 47 92 93 94 95 96 97 98 99 100 
48 49 50 51 1 19 18 17 24 25 26 38 39 40 41 42 43 44 13 6 7 8 9 10 15 14 5 4 3 2 52 53 54 55 56 57 58 61 60 59 62 63 64 65 66 67 68 69 35 36 37 27 28 29 30 31 32 33 34 70 71 72 73 74 75 76 77 78 79 80 45 46 91 86 87 88 89 90 85 84 83 82 81 12 11 16 23 22 21 20 47 92 93 94 95 96 97 98 99 100 
48 49 50 51 1 19 18 17 24 25 26 38 39 40 41 42 43 44 13 6 7 8 9 10 15 14 5 4 3 2 52 53 73 72 71 70 34 33 32 31 30 29 28 27 37 36 35 69 68 67 66 65 64 63 62 59 60 61 58 57 56 55 54 74 75 76 77 78 79 80 45 46 91 86 87 88 89 90 85 84 83 82 81 12 11 16 23 22 21 20 47 92 93 94 95 96 97 98 99 100 
48 49 50 51 1 19 18 17 24 25 9 8 7 6 13 44 43 42 41 40 39 38 26 10 15 14 5 4 3 2 52 53 73 72 71 70 34 33 32 31 30 29 28 27 37 36 35 69 68 67 66 65 64 63 62 59 60 61 58 57 56 55 54 74 75 76 77 78 79 80 45 46 91 86 87 88 89 90 85 84 83 82 81 12 11 16 23 22 21 20 47 92 93 94 95 96 97 98 99 100 
48 49 50 51 1 19 18 17 24 25 9 8 7 6 13 44 43 42 41 40 39 38 26 10 15 14 5 4 3 2 52 53 73 72 71 70 34 33 32 31 30 29 28 27 37 36 35 69 68 67 66 65 64 54 55 56 57 58 61 60 59 62 63 74 75 76 77 78 79 80 45 46 91 86 87 88 89 90 85 84 83 82 81 12 11 16 23 22 21 20 47 92 93 94 95 96 97 98 99 100 
48 49 50 46 45 80 79 78 77 76 75 74 63 62 59 60 61 58 57 56 55 54 64 65 66 67 68 69 35 36 37 27 28 29 30 31 32 33 34 70 71 72 73 53 52 2 3 4 5 14 15 10 26 38 39 40 41 42 43 44 13 6 7 8 9 25 24 17 18 19 1 51 91 86 87 88 89 90 85 84 83 82 81 12 11 16 23 22 21 20 47 92 93 94 95 96 97 98 99 100 
48 49 50 46 45 80 79 78 77 76 75 74 63 62 59 60 61 58 57 56 55 54 64 65 66 67 68 69 35 36 37 27 28 29 30 31 21 22 23 16 11 12 81 82 83 84 85 90 89 88 87 86 91 51 1 19 18 17 24 25 9 8 7 6 13 44 43 42 41 40 39 38 26 10 15 14 5 4 3 2 52 53 73 72 71 70 34 33 32 20 47 92 93 94 95 96 97 98 99 100 
48 49 50 46 45 80 79 78 77 76 75 74 63 62 59 95 94 93 92 47 20 32 33 34 70 71 72 73 53 52 2 3 4 5 14 15 10 26 38 39 40 41 42 43 44 13 6 7 8 9 25 24 17 18 19 1 51 91 86 87 88 89 90 85 84 83 82 81 12 11 16 23 22 21 31 30 29 28 27 37 36 35 69 68 67 66 65 64 54 55 56 57 58 61 60 96 97 98 99 100 
48 49 50 46 45 80 79 78 77 76 75 74 63 62 59 95 94 93 92 47 20 32 33 34 70 71 72 73 53 52 2 3 4 5 14 15 10 26 38 39 40 41 43 42 44 13 6 7 8 9 25 24 17 18 19 1 51 91 86 87 88 89 90 85 84 83 82 81 12 11 16 23 22 21 31 30 29 28 27 37 36 35 69 68 67 66 65 64 54 55 56 57 58 61 60 96 97 98 99 100 
48 49 50 46 45 80 79 78 77 76 75 74 63 62 59 95 94 93 92 47 20 32 33 34 70 71 72 73 53 52 2 3 4 5 14 15 10 26 38 39 40 41 43 42 44 13 6 7 8 9 23 16 11 12 81 82 83 84 85 90 89 88 87 86 91 51 1 19 18 17 24 25 22 21 31 30 29 28 27 37 36 35 69 68 67 66 65 64 54 55 56 57 58 61 60 96 97 98 99 100 
48 49 50 46 45 80 79 78 77 76 75 74 63 62 59 95 94 93 92 47 20 32 33 34 70 71 72 73 53 52 2 3 4 5 14 15 10 26 38 39 40 41 43 42 44 13 6 7 8 9 23 16 11 12 81 82 83 84 85 90 89 88 87 86 91 51 1 19 18 17 24 25 22 21 31 30 29 28 27 37 36 35 69 68 67 66 65 64 54 55 56 57 58 61 60 96 97 98 99 100 
48 49 50 46 45 80 79 78 77 76 75 3 2 52 53 73 72 71 70 34 33 32 20 47 92 93 94 95 59 62 63 74 4 5 14 15 10 26 38 39 40 41 43 42 44 13 6 7 8 9 23 16 11 12 81 82 83 84 85 90 89 88 87 86 91 51 1 19 18 17 24 25 22 21 31 30 29 28 27 37 36 35 69 68 67 66 65 64 54 55 56 57 58 61 60 96 97 98 99 100 
48 49 50 46 45 80 79 78 77 76 75 3 2 52 25 24 17 18 19 1 51 91 86 87 88 89 90 85 84 83 82 81 12 11 16 23 9 8 7 6 13 44 42 43 41 40 39 38 26 10 15 14 5 4 74 63 62 59 95 94 93 92 47 20 32 33 34 70 71 72 73 53 22 21 31 30 29 28 27 37 36 35 69 68 67 66 65 64 54 55 56 57 58 61 60 96 97 98 99 100 
48 49 50 46 45 80 79 78 77 76 75 3 2 52 25 24 17 18 19 1 51 91 86 87 88 89 90 85 84 83 82 81 12 11 16 23 9 8 7 6 13 44 42 43 41 40 39 38 26 10 15 14 5 4 74 63 62 59 95 94 93 92 53 73 72 71 70 34 33 32 20 47 22 21 31 30 29 28 27 37 36 35 69 68 67 66 65 64 54 55 56 57 58 61 60 96 97 98 99 100 
48 49 50 46 45 80 79 78 77 76 75 3 2 52 25 24 17 18 19 1 51 91 86 31 21 22 47 20 32 33 34 70 71 72 73 53 92 93 94 95 59 62 63 74 4 5 14 15 10 26 38 39 40 41 43 42 44 13 6 7 8 9 23 16 11 12 81 82 83 84 85 90 89 88 87 30 29 28 27 37 36 35 69 68 67 66 65 64 54 55 56 57 58 61 60 96 97 98 99 100 
48 49 50 46 45 80 79 78 77 76 75 3 2 52 25 24 17 18 19 1 51 91 86 31 21 22 47 20 32 33 34 70 71 72 73 53 92 93 94 95 59 62 63 74 4 5 14 15 10 26 38 39 40 83 82 81 12 11 16 23 9 8 7 6 13 44 42 43 41 84 85 90 89 88 87 30 29 28 27 37 36 35 69 68 67 66 65 64 54 55 56 57 58 61 60 96 97 98 99 100 
48 49 50 46 45 80 76 77 78 79 75 3 2 52 25 24 17 18 19 1 51 91 86 31 21 22 47 20 32 33 34 70 71 72 73 53 92 93 94 95 59 62 63 74 4 5 14 15 10 26 38 39 40 83 82 81 12 11 16 23 9 8 7 6 13 44 42 43 41 84 85 90 89 88 87 30 29 28 27 37 36 35 69 68 67 66 65 64 54 55 56 57 58 61 60 96 97 98 99 100 
48 49 50 46 45 80 76 77 78 79 75 3 96 60 61 58 57 56 55 54 64 65 66 67 68 69 35 36 37 27 28 29 30 87 88 89 90 85 84 41 43 42 44 13 6 7 8 9 23 16 11 12 81 82 83 40 39 38 26 10 15 14 5 4 74 63 62 59 95 94 93 92 53 73 72 71 70 34 33 32 20 47 22 21 31 86 91 51 1 19 18 17 24 25 52 2 97 98 99 100 
48 49 50 46 45 80 76 77 78 79 75 3 96 60 61 58 57 56 55 54 64 68 67 66 65 69 35 36 37 27 28 29 30 87 88 89 90 85 84 41 43 42 44 13 6 7 8 9 23 16 11 12 81 82 83 40 39 38 26 10 15 14 5 4 74 63 62 59 95 94 93 92 53 73 72 71 70 34 33 32 20 47 22 21 31 86 91 51 1 19 18 17 24 25 52 2 97 98 99 100 
48 49 50 46 45 80 28 27 37 36 35 69 65 66 67 68 64 54 55 56 57 58 61 60 96 3 75 79 78 77 76 29 30 87 88 89 90 85 84 41 43 42 44 13 6 7 8 9 23 16 11 12 81 82 83 40 39 38 26 10 15 14 5 4 74 63 62 59 95 94 93 92 53 73 72 71 70 34 33 32 20 47 22 21 31 86 91 51 1 19 18 17 24 25 52 2 97 98 99 100 
48 49 50 46 45 80 28 27 37 36 35 69 65 66 67 68 64 54 55 56 57 58 61 60 96 3 75 79 78 77 76 29 30 87 88 63 74 4 5 14 15 10 26 38 39 40 83 82 81 12 11 16 23 9 8 7 6 13 44 42 43 41 84 85 90 89 62 59 95 94 93 92 53 73 72 71 70 34 33 32 20 47 22 21 31 86 91 51 1 19 18 17 24 25 52 2 97 98 99 100 
48 49 50 46 45 80 28 27 37 36 35 69 65 66 67 68 64 54 55 56 57 58 61 60 96 3 75 79 16 11 12 81 82 83 40 39 38 26 10 15 14 5 4 74 63 88 87 30 29 76 77 78 23 9 8 7 6 13 44 42 43 41 84 85 90 89 62 59 95 94 93 92 53 73 72 71 70 34 33 32 20 47 22 21 31 86 91 51 1 19 18 17 24 25 52 2 97 98 99 100 
48 49 50 46 45 80 28 27 37 36 35 69 65 66 67 68 64 54 55 56 57 58 61 60 96 3 75 79 16 11 12 81 82 83 40 39 38 26 10 15 14 5 4 74 63 88 87 30 29 76 77 78 23 9 8 7 6 13 44 42 43 41 84 85 90 89 62 59 95 94 93 92 53 73 72 71 70 34 33 32 20 47 22 21 31 91 86 51 1 19 18 17 24 25 52 2 97 98 99 100 
48 49 50 46 45 80 28 27 37 36 35 69 65 66 67 68 64 54 55 56 57 58 61 60 96 3 75 79 16 11 12 81 82 83 40 39 38 26 10 15 14 5 4 74 63 88 87 30 29 76 77 78 23 9 8 41 43 42 44 13 6 7 84 85 90 89 62 59 95 94 93 92 53 73 72 71 70 34 33 32 20 47 22 21 31 91 86 51 1 19 18 17 24 25 52 2 97 98 99 100 
48 49 50 46 45 80 28 27 37 36 35 69 65 66 67 68 64 54 55 56 57 58 61 60 96 3 75 79 90 85 84 7 6 13 44 42 43 41 8 9 23 78 77 76 29 30 87 88 63 74 4 5 14 15 10 26 38 39 40 83 82 81 12 11 16 89 62 59 95 94 93 92 53 73 72 71 70 34 33 32 20 47 22 21 31 91 86 51 1 19 18 17 24 25 52 2 97 98 99 100 
48 49 50 46 45 80 28 27 37 36 35 69 65 66 67 68 64 54 55 56 57 58 61 15 14 5 4 74 63 88 87 30 29 76 77 78 23 9 8 41 43 42 44 13 6 7 84 85 90 79 75 3 96 60 10 26 38 39 40 83 82 81 12 11 16 89 62 59 95 94 93 92 53 73 72 71 70 34 33 32 20 47 22 21 31 91 86 51 1 19 18 17 24 25 52 2 97 98 99 100 
48 49 50 46 45 80 28 27 37 36 35 69 65 66 67 68 64 54 55 56 57 58 61 15 14 5 4 74 31 21 22 47 20 32 33 34 70 71 72 73 53 92 93 94 95 59 62 89 16 11 12 81 82 83 40 39 38 26 10 60 96 3 75 79 90 85 84 7 6 13 44 42 43 41 8 9 23 78 77 76 29 30 87 88 63 91 86 51 1 19 18 17 24 25 52 2 97 98 99 100 
48 49 58 57 56 55 54 64 68 67 66 65 69 35 36 37 27 28 80 45 46 50 61 15 14 5 4 74 31 21 22 47 20 32 33 34 70 71 72 73 53 92 93 94 95 59 62 89 16 11 12 81 82 83 40 39 38 26 10 60 96 3 75 79 90 85 84 7 6 13 44 42 43 41 8 9 23 78 77 76 29 30 87 88 63 91 86 51 1 19 18 17 24 25 52 2 97 98 99 100 
48 49 58 57 56 55 54 64 68 67 66 65 69 35 36 37 27 28 80 45 46 50 61 15 14 5 4 74 31 21 22 47 20 32 33 34 70 71 51 86 91 63 88 87 30 29 76 77 78 23 9 8 41 43 42 44 13 6 7 84 85 90 79 75 3 96 60 10 26 38 39 40 83 82 81 12 11 16 89 62 59 95 94 93 92 53 73 72 1 19 18 17 24 25 52 2 97 98 99 100 
48 49 58 57 56 55 54 64 68 67 66 65 69 35 36 37 27 28 80 45 46 50 61 15 14 5 4 74 31 21 22 47 20 32 33 34 70 71 51 86 91 63 88 87 30 29 76 77 78 23 9 8 41 43 42 44 13 6 7 84 85 90 79 75 3 96 60 10 26 38 39 89 16 11 12 81 82 83 40 62 59 95 94 93 92 53 73 72 1 19 18 17 24 25 52 2 97 98 99 100 
48 49 58 57 56 55 54 64 68 67 66 65 69 35 36 37 27 28 80 45 46 50 61 15 14 5 4 74 31 21 22 47 20 32 33 34 70 71 51 86 91 63 88 87 30 29 76 77 78 23 9 8 41 90 85 84 7 6 13 44 42 43 79 75 3 96 60 10 26 38 39 89 16 11 12 81 82 83 40 62 59 95 94 93 92 53 73 72 1 19 18 17 24 25 52 2 97 98 99 100 
48 49 58 57 56 55 54 64 68 67 66 65 69 35 36 37 27 28 80 45 46 50 61 15 14 5 4 74 31 21 22 47 20 32 33 34 70 71 51 86 91 63 88 87 30 29 76 77 78 23 9 12 11 16 89 39 38 26 10 60 96 3 75 79 43 42 44 13 6 7 84 85 90 41 8 81 82 83 40 62 59 95 94 93 92 53 73 72 1 19 18 17 24 25 52 2 97 98 99 100 
48 49 58 57 56 55 54 64 68 67 66 65 69 35 36 37 27 28 80 45 46 50 61 15 14 5 4 74 31 21 22 47 20 32 33 34 70 71 51 86 91 63 88 87 30 29 76 77 78 23 9 12 11 16 89 39 38 26 10 60 96 3 75 79 43 42 44 13 6 7 84 85 90 41 81 8 82 83 40 62 59 95 94 93 92 53 73 72 1 19 18 17 24 25 52 2 97 98 99 100 
48 49 58 57 56 55 54 64 68 67 66 65 69 35 36 37 27 28 80 45 46 50 61 15 14 5 4 74 31 21 18 19 1 72 73 53 92 93 94 95 59 62 40 83 82 8 81 41 90 85 84 7 6 13 44 42 43 79 75 3 96 60 10 26 38 39 89 16 11 12 9 23 78 77 76 29 30 87 88 63 91 86 51 71 70 34 33 32 20 47 22 17 24 25 52 2 97 98 99 100 
48 49 58 57 56 5 14 15 61 50 46 45 80 28 27 37 36 35 69 65 66 67 68 64 54 55 4 74 31 21 18 19 1 72 73 53 92 93 94 95 59 62 40 83 82 8 81 41 90 85 84 7 6 13 44 42 43 79 75 3 96 60 10 26 38 39 89 16 11 12 9 23 78 77 76 29 30 87 88 63 91 86 51 71 70 34 33 32 20 47 22 17 24 25 52 2 97 98 99 100 
48 49 58 57 56 5 14 15 61 50 46 45 80 28 27 37 36 35 69 65 66 67 68 64 54 55 4 74 31 21 18 19 1 72 73 53 92 93 94 95 59 62 40 83 82 8 81 41 90 85 84 7 6 13 44 77 78 23 9 12 11 16 89 39 38 26 10 60 96 3 75 79 43 42 76 29 30 87 88 63 91 86 51 71 70 34 33 32 20 47 22 17 24 25 52 2 97 98 99 100 
48 49 58 57 56 5 14 15 61 50 46 45 80 28 27 37 36 35 69 65 66 67 68 64 54 55 4 74 31 21 18 19 1 72 73 53 92 93 94 95 59 62 40 83 82 8 81 41 90 85 84 7 6 13 44 77 78 23 9 12 11 16 89 39 38 26 10 60 96 3 75 79 43 34 70 71 51 86 91 63 88 87 30 29 76 42 33 32 20 47 22 17 24 25 52 2 97 98 99 100 
48 49 58 57 56 5 14 86 51 71 70 34 43 79 75 3 96 60 10 26 38 39 89 16 11 12 9 23 78 77 44 13 6 7 84 85 90 41 81 8 82 83 40 62 59 95 94 93 92 53 73 72 1 19 18 21 31 74 4 55 54 64 68 67 66 65 69 35 36 37 27 28 80 45 46 50 61 15 91 63 88 87 30 29 76 42 33 32 20 47 22 17 24 25 52 2 97 98 99 100 
48 49 58 57 56 5 14 86 51 71 70 34 43 79 75 3 96 60 10 26 38 39 89 16 11 12 9 23 78 77 44 13 6 7 84 85 90 41 81 8 82 83 40 62 59 95 53 92 93 94 73 72 1 19 18 21 31 74 4 55 54 64 68 67 66 65 69 35 36 37 27 28 80 45 46 50 61 15 91 63 88 87 30 29 76 42 33 32 20 47 22 17 24 25 52 2 97 98 99 100 
48 49 58 57 56 5 14 86 51 71 70 34 43 79 75 3 96 60 10 26 38 39 89 16 11 12 9 23 78 77 44 13 6 7 84 85 90 41 81 8 82 83 40 62 59 95 53 92 93 94 73 72 1 19 18 21 31 74 4 55 54 64 68 67 66 65 69 99 98 97 2 52 25 24 17 22 47 20 32 33 42 76 29 30 87 88 63 91 15 61 50 46 45 80 28 27 37 36 35 100 
48 49 58 57 56 5 14 86 51 71 70 34 43 79 75 3 96 60 10 26 38 39 89 16 11 12 100 35 36 37 27 28 80 45 46 50 61 15 91 63 88 87 30 29 76 42 33 32 20 47 22 17 24 25 52 2 97 98 99 69 65 66 67 68 64 54 55 4 74 31 21 18 19 1 72 73 94 93 92 53 95 59 62 40 83 82 8 81 41 90 85 84 7 6 13 44 77 78 23 9 
48 49 58 57 56 5 14 86 51 71 70 34 43 79 75 3 96 60 10 26 38 39 89 16 11 12 100 35 36 37 93 94 73 72 1 19 18 21 31 74 4 55 54 64 68 67 66 65 69 99 98 97 2 52 25 24 17 22 47 20 32 33 42 76 29 30 87 88 63 91 15 61 50 46 45 80 28 27 92 53 95 59 62 40 83 82 8 81 41 90 85 84 7 6 13 44 77 78 23 9 
53 92 27 28 80 45 46 50 61 15 91 63 88 87 30 29 76 42 33 32 20 47 22 17 24 25 52 2 97 98 99 69 65 66 67 68 64 54 55 4 74 31 21 18 19 1 72 73 94 93 37 36 35 100 12 11 16 89 39 38 26 10 60 96 3 75 79 43 34 70 71 51 86 14 5 56 57 58 49 48 95 59 62 40 83 82 8 81 41 90 85 84 7 6 13 44 77 78 23 9 
53 92 27 28 80 45 46 50 61 15 91 63 88 87 30 29 76 42 33 32 20 47 22 17 24 25 52 2 97 98 99 69 65 66 67 68 64 54 55 4 74 31 21 18 84 85 90 41 81 8 82 83 40 62 59 95 48 49 58 57 56 5 14 86 51 71 70 34 43 79 75 3 96 60 10 26 38 39 89 16 11 12 100 35 36 37 93 94 73 72 1 19 7 6 13 44 77 78 23 9 
53 92 27 28 80 45 46 50 61 15 91 63 88 87 30 29 76 42 33 32 20 47 22 17 24 25 52 2 97 98 99 69 65 66 67 68 64 54 55 4 74 31 21 3 75 79 43 34 70 71 51 86 14 5 56 57 58 49 48 95 59 62 40 83 82 8 81 41 90 85 84 18 96 60 10 26 38 39 89 16 11 12 100 35 36 37 93 94 73 72 1 19 7 6 13 44 77 78 23 9 
93 37 36 35 100 12 11 16 89 39 38 26 10 60 96 18 84 85 90 41 81 8 82 83 40 62 59 95 48 49 58 57 56 5 14 86 51 71 70 34 43 79 75 3 21 31 74 4 55 54 64 68 67 66 65 69 99 98 97 2 52 25 24 17 22 47 20 32 33 42 76 29 30 87 88 63 91 15 61 50 46 45 80 28 27 92 53 94 73 72 1 19 7 6 13 44 77 78 23 9 
93 37 36 35 100 12 11 16 89 39 38 26 10 60 96 18 84 85 90 41 81 8 82 83 40 62 59 95 48 49 58 57 56 5 14 86 51 71 70 34 43 79 75 3 21 31 74 4 61 15 91 63 88 87 30 29 76 42 33 32 20 47 22 17 24 25 52 2 97 98 99 69 65 66 67 68 64 54 55 50 46 45 80 28 27 92 53 94 73 72 1 19 7 6 13 44 77 78 23 9 
93 37 36 35 100 12 11 16 89 39 38 26 51 86 14 5 56 57 58 49 48 95 59 62 40 83 82 8 81 41 90 85 84 18 96 60 10 71 70 34 43 79 75 3 21 31 74 4 61 15 91 63 88 87 30 29 76 42 33 32 20 47 22 17 24 25 52 2 97 98 99 69 65 66 67 68 64 54 55 50 46 45 80 28 27 92 53 94 73 72 1 19 7 6 13 44 77 78 23 9 
93 37 36 35 100 12 11 16 61 4 74 31 21 3 75 79 43 34 70 71 10 60 96 18 84 85 90 41 81 8 82 83 40 62 59 95 48 49 58 57 56 5 14 86 51 26 38 39 89 15 91 63 88 87 30 29 76 42 33 32 20 47 22 17 24 25 52 2 97 98 99 69 65 66 67 68 64 54 55 50 46 45 80 28 27 92 53 94 73 72 1 19 7 6 13 44 77 78 23 9 
93 37 36 35 100 12 11 16 61 4 74 31 21 3 75 79 43 34 70 71 10 60 96 18 84 85 90 41 81 8 82 83 40 62 59 95 48 49 58 57 56 5 14 86 51 26 38 39 89 15 91 63 88 87 30 29 76 42 33 32 20 47 22 17 24 25 69 99 98 97 2 52 65 66 67 68 64 54 55 50 46 45 80 28 27 92 53 94 73 72 1 19 7 6 13 44 77 78 23 9 
93 37 36 35 100 12 11 16 61 4 74 31 21 3 75 79 77 44 13 6 7 19 1 72 73 94 53 92 27 28 80 45 46 50 55 54 64 68 67 66 65 52 2 97 98 99 69 25 24 17 22 47 20 32 33 42 76 29 30 87 88 63 91 15 89 39 38 26 51 86 14 5 56 57 58 49 48 95 59 62 40 83 82 8 81 41 90 85 84 18 96 60 10 71 70 34 43 78 23 9 
93 37 36 35 100 12 11 16 61 4 74 31 21 3 75 79 77 44 13 6 7 19 1 72 73 94 53 92 27 28 80 45 46 50 55 54 64 68 67 66 65 52 2 85 90 41 81 8 82 83 40 62 59 95 48 49 58 57 56 5 14 86 51 26 38 39 89 15 91 63 88 87 30 29 76 42 33 32 20 47 22 17 24 25 69 99 98 97 84 18 96 60 10 71 70 34 43 78 23 9 
93 37 36 35 100 12 11 16 61 4 74 31 21 3 75 79 77 44 13 6 7 19 1 72 73 94 53 92 27 28 80 45 46 50 55 54 64 68 67 25 24 17 22 47 20 32 33 42 76 29 30 87 88 63 91 15 89 39 38 26 51 86 14 5 56 57 58 49 48 95 59 62 40 83 82 8 81 41 90 85 2 52 65 66 69 99 98 97 84 18 96 60 10 71 70 34 43 78 23 9 
93 37 36 35 100 12 11 84 97 98 99 69 66 65 52 2 85 90 41 81 8 82 83 40 62 59 95 48 49 58 57 56 5 14 86 51 26 38 39 89 15 91 63 88 87 30 29 76 42 33 32 20 47 22 17 24 25 67 68 64 54 55 50 46 45 80 28 27 92 53 94 73 72 1 19 7 6 13 44 77 79 75 3 21 31 74 4 61 16 18 96 60 10 71 70 34 43 78 23 9 
93 37 36 91 15 89 39 38 26 51 86 14 5 56 57 58 49 48 95 59 62 40 83 82 8 81 41 90 85 2 52 65 66 69 99 98 97 84 11 12 100 35 63 88 87 30 29 76 42 33 32 20 47 22 17 24 25 67 68 64 54 55 50 46 45 80 28 27 92 53 94 73 72 1 19 7 6 13 44 77 79 75 3 21 31 74 4 61 16 18 96 60 10 71 70 34 43 78 23 9 
93 77 44 13 6 7 19 1 72 73 94 53 92 27 28 80 45 46 50 55 54 64 68 67 25 24 17 22 47 20 32 33 42 76 29 30 87 88 63 35 100 12 11 84 97 98 99 69 66 65 52 2 85 90 41 81 8 82 83 40 62 59 95 48 49 58 57 56 5 14 86 51 26 38 39 89 15 91 36 37 79 75 3 21 31 74 4 61 16 18 96 60 10 71 70 34 43 78 23 9 
93 77 44 13 6 7 19 1 72 73 94 53 92 27 28 80 45 46 50 55 54 64 68 23 78 43 34 70 71 10 60 96 18 16 61 4 74 31 21 3 75 79 37 36 91 15 89 39 38 26 51 86 14 5 56 57 58 49 48 95 59 62 40 83 82 8 81 41 90 85 2 52 65 66 69 99 98 97 84 11 12 100 35 63 88 87 30 29 76 42 33 32 20 47 22 17 24 25 67 9 
93 77 44 13 6 7 19 1 72 73 61 16 18 96 60 10 71 70 34 43 78 23 68 64 54 55 50 46 45 80 28 27 92 53 94 4 74 31 21 3 75 79 37 36 91 15 89 39 38 26 51 86 14 5 56 57 58 49 48 95 59 62 40 83 82 8 81 41 90 85 2 52 65 66 69 99 98 97 84 11 12 100 35 63 88 87 30 29 76 42 33 32 20 47 22 17 24 25 67 9 
93 77 44 13 6 7 19 1 72 73 61 16 18 96 60 10 71 70 34 43 78 23 68 64 54 55 50 46 45 80 28 27 92 53 26 38 39 89 15 91 36 37 79 75 3 21 31 74 4 94 51 86 14 5 56 57 58 49 48 95 59 62 40 83 82 8 81 41 90 85 2 52 65 66 69 99 98 97 84 11 12 100 35 63 88 87 30 29 76 42 33 32 20 47 22 17 24 25 67 9 
93 77 44 13 6 7 19 1 72 73 61 16 18 96 60 10 71 70 34 43 78 23 68 64 54 55 50 46 45 80 28 27 92 53 26 38 39 89 15 91 36 37 79 75 3 21 31 74 4 84 97 98 99 69 66 65 52 2 85 90 41 81 8 82 83 40 62 59 95 48 49 58 57 56 5 14 86 51 94 11 12 100 35 63 88 87 30 29 76 42 33 32 20 47 22 17 24 25 67 9 
93 77 44 13 6 7 19 1 72 73 61 16 18 96 60 10 71 70 34 43 78 23 68 64 54 55 50 46 45 80 28 27 92 53 26 38 39 89 15 91 36 37 79 75 3 21 31 74 81 41 90 85 2 52 65 66 69 99 98 97 84 4 8 82 83 40 62 59 95 48 49 58 57 56 5 14 86 51 94 11 12 100 35 63 88 87 30 29 76 42 33 32 20 47 22 17 24 25 67 9 
93 77 44 13 6 7 19 1 72 73 39 38 26 53 92 27 28 80 45 46 50 55 54 64 68 23 78 43 34 70 71 10 60 96 18 16 61 89 15 91 36 37 79 75 3 21 31 74 81 41 90 85 2 52 65 66 69 99 98 97 84 4 8 82 83 40 62 59 95 48 49 58 57 56 5 14 86 51 94 11 12 100 35 63 88 87 30 29 76 42 33 32 20 47 22 17 24 25 67 9 
93 77 44 13 6 7 19 1 72 73 39 38 26 53 92 91 15 89 61 16 18 96 60 10 71 70 34 43 78 23 68 64 54 55 50 46 45 80 28 27 36 37 79 75 3 21 31 74 81 41 90 85 2 52 65 66 69 99 98 97 84 4 8 82 83 40 62 59 95 48 49 58 57 56 5 14 86 51 94 11 12 100 35 63 88 87 30 29 76 42 33 32 20 47 22 17 24 25 67 9 
93 77 44 13 6 7 19 1 72 73 39 38 26 53 92 91 15 89 61 16 18 96 60 45 46 50 55 54 64 68 23 78 43 34 70 71 10 80 28 27 36 37 79 75 3 21 31 74 81 41 90 85 2 52 65 66 69 99 98 97 84 4 8 82 83 40 62 59 95 48 49 58 57 56 5 14 86 51 94 11 12 100 35 63 88 87 30 29 76 42 33 32 20 47 22 17 24 25 67 9 
93 77 44 13 6 7 19 1 72 73 39 38 26 53 92 91 15 89 61 16 18 96 60 45 46 50 55 54 64 68 23 78 43 34 70 71 10 80 28 27 36 37 79 75 3 21 31 74 81 41 90 85 2 52 65 66 69 99 98 97 84 4 8 82 83 40 62 59 95 48 49 58 57 56 5 14 86 51 63 35 100 12 11 94 88 87 30 29 76 42 33 32 20 47 22 17 24 25 67 9 
93 77 44 13 6 7 10 71 70 34 43 78 23 68 64 54 55 50 46 45 60 96 18 16 61 89 15 91 92 53 26 38 39 73 72 1 19 80 28 27 36 37 79 75 3 21 31 74 81 41 90 85 2 52 65 66 69 99 98 97 84 4 8 82 83 40 62 59 95 48 49 58 57 56 5 14 86 51 63 35 100 12 11 94 88 87 30 29 76 42 33 32 20 47 22 17 24 25 67 9 
93 77 44 13 6 7 10 71 70 34 43 78 23 68 64 54 55 50 46 45 60 96 18 16 61 89 15 91 92 53 26 38 39 73 72 1 19 80 28 27 36 37 79 75 3 21 31 74 81 41 90 85 82 8 4 84 97 98 99 69 66 65 52 2 83 40 62 59 95 48 49 58 57 56 5 14 86 51 63 35 100 12 11 94 88 87 30 29 76 42 33 32 20 47 22 17 24 25 67 9 
93 77 44 13 6 7 10 71 70 34 43 78 23 68 64 54 55 50 46 45 60 96 18 16 61 89 15 91 92 53 26 38 39 73 72 1 19 80 28 27 36 37 79 75 3 40 83 2 52 65 66 69 99 98 97 84 4 8 82 85 90 41 81 74 31 21 62 59 95 48 49 58 57 56 5 14 86 51 63 35 100 12 11 94 88 87 30 29 76 42 33 32 20 47 22 17 24 25 67 9 
93 77 44 13 6 7 10 5 56 57 58 49 48 95 59 62 21 31 74 81 41 90 85 82 8 4 84 97 98 99 69 66 65 52 2 83 40 3 75 79 37 36 27 28 80 19 1 72 73 39 38 26 53 92 91 15 89 61 16 18 96 60 45 46 50 55 54 64 68 23 78 43 34 70 71 14 86 51 63 35 100 12 11 94 88 87 30 29 76 42 33 32 20 47 22 17 24 25 67 9 
93 77 44 13 6 7 10 5 56 57 58 49 48 95 59 62 21 31 74 81 41 90 85 82 8 4 84 97 98 99 69 66 65 52 2 83 40 3 75 79 55 50 46 45 60 96 18 16 61 89 15 91 92 53 26 38 39 73 72 1 19 80 28 27 36 37 54 64 68 23 78 43 34 70 71 14 86 51 63 35 100 12 11 94 88 87 30 29 76 42 33 32 20 47 22 17 24 25 67 9 
93 77 44 13 6 7 10 5 56 57 58 49 48 95 59 62 21 31 74 81 41 90 85 82 8 4 84 97 98 99 69 66 65 52 2 83 40 3 75 79 55 50 46 45 60 96 18 16 61 86 14 71 70 34 43 78 23 68 64 54 37 36 27 28 80 19 1 72 73 39 38 26 53 92 91 15 89 51 63 35 100 12 11 94 88 87 30 29 76 42 33 32 20 47 22 17 24 25 67 9 
93 77 44 13 6 7 10 5 56 57 58 49 48 95 59 61 16 18 96 60 45 46 50 55 79 75 3 40 83 2 52 65 66 69 99 98 97 84 4 8 82 85 90 41 81 74 31 21 62 86 14 71 70 34 43 78 23 68 64 54 37 36 27 28 80 19 1 72 73 39 38 26 53 92 91 15 89 51 63 35 100 12 11 94 88 87 30 29 76 42 33 32 20 47 22 17 24 25 67 9 
93 77 44 13 6 7 10 5 56 57 58 49 48 95 59 61 16 18 96 60 45 46 50 55 79 75 3 40 83 2 52 65 69 66 99 98 97 84 4 8 82 85 90 41 81 74 31 21 62 86 14 71 70 34 43 78 23 68 64 54 37 36 27 28 80 19 1 72 73 39 38 26 53 92 91 15 89 51 63 35 100 12 11 94 88 87 30 29 76 42 33 32 20 47 22 17 24 25 67 9 
93 77 44 13 6 7 10 5 56 57 58 49 48 50 46 45 60 96 18 16 61 59 95 55 79 75 3 40 83 2 52 65 69 66 99 98 97 84 4 8 82 85 90 41 81 74 31 21 62 86 14 71 70 34 43 78 23 68 64 54 37 36 27 28 80 19 1 72 73 39 38 26 53 92 91 15 89 51 63 35 100 12 11 94 88 87 30 29 76 42 33 32 20 47 22 17 24 25 67 9 
93 6 13 44 77 7 10 5 56 57 58 49 48 50 46 45 60 96 18 16 61 59 95 55 79 75 3 40 83 2 52 65 69 66 99 98 97 84 4 8 82 85 90 41 81 74 31 21 62 86 14 71 70 34 43 78 23 68 64 54 37 36 27 28 80 19 1 72 73 39 38 26 53 92 91 15 89 51 63 35 100 12 11 94 88 87 30 29 76 42 33 32 20 47 22 17 24 25 67 9 
93 6 13 44 77 7 10 5 56 57 58 49 48 50 46 45 60 96 18 16 61 59 95 55 79 75 3 40 83 2 52 65 69 66 99 98 97 84 4 8 82 85 90 41 33 42 76 29 30 87 88 94 11 12 100 35 63 51 89 15 91 92 53 26 38 39 73 72 1 19 80 28 27 36 37 54 64 68 23 78 43 34 70 71 14 86 62 21 31 74 81 32 20 47 22 17 24 25 67 9 
93 6 13 44 77 7 10 5 56 57 58 49 48 50 46 45 60 96 18 16 61 59 95 55 79 75 3 40 83 2 52 65 69 66 99 98 97 84 4 8 82 85 90 41 33 42 76 86 14 71 70 34 43 78 23 68 64 54 37 36 27 28 80 19 1 72 73 39 38 26 53 92 91 15 89 51 63 35 100 12 11 94 88 87 30 29 62 21 31 74 81 32 20 47 22 17 24 25 67 9 
93 6 13 44 77 7 10 5 56 57 58 49 48 50 32 81 74 31 21 62 29 30 87 88 94 11 12 100 35 63 51 89 15 91 92 53 26 38 39 73 72 1 19 80 28 27 36 37 54 64 68 23 78 43 34 70 71 14 86 76 42 33 41 90 85 82 8 4 84 97 98 99 66 69 65 52 2 83 40 3 75 79 55 95 59 61 16 18 96 60 45 46 20 47 22 17 24 25 67 9 
93 6 13 44 77 7 10 5 56 57 58 49 48 50 32 81 74 51 63 35 100 12 11 94 88 87 30 29 62 21 31 89 15 91 92 53 26 38 39 73 72 1 19 80 28 27 36 37 54 64 68 23 78 43 34 70 71 14 86 76 42 33 41 90 85 82 8 4 84 97 98 99 66 69 65 52 2 83 40 3 75 79 55 95 59 61 16 18 96 60 45 46 20 47 22 17 24 25 67 9 
93 6 13 44 77 7 10 5 56 57 58 49 48 50 32 81 74 51 63 35 100 12 11 94 88 87 30 29 62 21 31 89 15 91 92 53 26 38 39 73 72 1 19 80 28 27 36 37 54 64 68 23 78 43 34 70 71 14 86 76 3 40 83 2 52 65 69 66 99 98 97 84 4 8 82 85 90 41 33 42 75 79 55 95 59 61 16 18 96 60 45 46 20 47 22 17 24 25 67 9 
93 6 13 44 77 7 10 5 56 57 58 49 48 50 32 81 74 51 63 35 100 12 11 94 88 87 30 29 62 21 71 70 34 43 78 23 68 64 54 37 36 27 28 80 19 1 72 73 39 38 26 53 92 91 15 89 31 14 86 76 3 40 83 2 52 65 69 66 99 98 97 84 4 8 82 85 90 41 33 42 75 79 55 95 59 61 16 18 96 60 45 46 20 47 22 17 24 25 67 9 
93 6 13 44 77 7 10 5 56 57 58 49 48 50 32 81 74 51 63 35 100 12 11 94 88 87 30 29 62 21 71 70 34 43 78 23 68 64 54 37 36 27 28 80 19 1 72 73 39 38 26 53 92 91 15 89 31 14 86 76 3 40 83 2 52 65 69 66 99 98 97 84 4 8 85 82 90 41 33 42 75 79 55 95 59 61 16 18 96 60 45 46 20 47 22 17 24 25 67 9 
93 6 13 44 77 7 10 5 56 57 58 49 48 50 32 81 74 51 63 35 100 12 11 94 88 87 30 29 62 21 71 70 34 43 78 23 68 64 54 40 3 76 86 14 31 89 15 91 92 53 26 38 39 73 72 1 19 80 28 27 36 37 83 2 52 65 69 66 99 98 97 84 4 8 85 82 90 41 33 42 75 79 55 95 59 61 16 18 96 60 45 46 20 47 22 17 24 25 67 9 
93 6 13 44 77 7 10 5 56 57 58 49 48 50 32 81 74 51 63 35 100 12 11 94 88 87 30 29 62 21 71 70 34 43 78 23 68 96 18 16 61 59 95 55 79 75 42 33 41 90 82 85 8 4 84 97 98 99 66 69 65 52 2 83 37 36 27 28 80 19 1 72 73 39 38 26 53 92 91 15 89 31 14 86 76 3 40 54 64 60 45 46 20 47 22 17 24 25 67 9 
93 6 13 44 77 7 10 5 56 57 60 64 54 40 3 76 86 14 31 89 15 91 92 53 26 38 39 73 72 1 19 80 28 27 36 37 83 2 52 65 69 66 99 98 97 84 4 8 85 82 90 41 33 42 75 79 55 95 59 61 16 18 96 68 23 78 43 34 70 71 21 62 29 30 87 88 94 11 12 100 35 63 51 74 81 32 50 48 49 58 45 46 20 47 22 17 24 25 67 9 
93 6 13 44 77 7 10 5 56 57 60 64 54 40 3 76 86 14 31 89 15 91 92 53 26 38 39 73 72 1 19 80 28 27 36 37 83 2 52 65 69 66 99 98 97 84 4 8 85 82 90 41 33 42 75 79 55 95 59 61 16 18 96 68 23 78 43 34 70 71 21 62 29 30 87 88 94 11 12 100 35 63 51 74 81 32 50 48 49 58 45 46 20 47 22 17 24 25 67 9 
93 6 13 44 32 81 74 51 63 35 100 12 11 94 88 87 30 29 62 21 71 70 34 43 78 23 68 96 18 16 61 59 95 55 79 75 42 33 41 90 82 85 8 4 84 97 98 99 66 69 65 52 2 83 37 36 27 28 80 19 1 72 73 39 38 26 53 92 91 15 89 31 14 86 76 3 40 54 64 60 57 56 5 10 7 77 50 48 49 58 45 46 20 47 22 17 24 25 67 9 
93 6 13 44 32 81 74 51 63 35 100 12 11 94 88 87 30 29 62 21 71 70 34 43 78 23 68 96 18 16 61 59 95 55 79 75 42 33 41 90 82 85 8 4 84 97 98 99 66 69 65 52 2 83 37 36 27 28 80 19 77 7 10 5 56 57 60 64 54 40 3 76 86 14 31 89 15 91 92 53 26 38 39 73 72 1 50 48 49 58 45 46 20 47 22 17 24 25 67 9 
93 6 13 44 32 81 74 51 63 35 100 12 11 94 88 87 30 29 62 21 71 70 34 43 78 23 68 96 18 16 61 59 95 55 79 75 42 33 41 90 82 85 8 4 99 98 97 84 66 69 65 52 2 83 37 36 27 28 80 19 77 7 10 5 56 57 60 64 54 40 3 76 86 14 31 89 15 91 92 53 26 38 39 73 72 1 50 48 49 58 45 46 20 47 22 17 24 25 67 9 
93 6 13 44 32 81 74 51 63 35 100 12 11 94 88 87 30 29 62 21 71 70 34 43 78 23 68 96 18 16 61 59 95 55 79 75 42 33 41 90 82 85 8 4 99 98 97 84 66 69 65 52 2 83 37 36 27 28 80 19 77 7 10 5 56 57 60 64 54 40 3 76 86 14 31 89 15 91 92 53 26 38 39 73 72 1 50 48 49 58 45 46 20 47 22 17 24 25 67 9 
